<?xml version="1.0" encoding="UTF-8"?>
<!-- Generated by org.testng.reporters.JUnitReportReporter -->
<testsuite hostname="ALT-DT-011" name="sample_test.vikas2" tests="1" failures="0" timestamp="29 Jul 2019 09:13:30 GMT" time="0.011" errors="0">
  <testcase name="test" time="0.011" classname="sample_test.vikas2"/>
</testsuite> <!-- sample_test.vikas2 -->
