<?xml version="1.0" encoding="UTF-8"?>
<!-- Generated by org.testng.reporters.JUnitReportReporter -->
<testsuite hostname="ALT-DT-011" name="sample_test.Datepicker" tests="1" failures="0" timestamp="31 Jul 2019 12:28:55 GMT" time="2.016" errors="0">
  <testcase name="Launch" time="2.016" classname="sample_test.Datepicker"/>
</testsuite> <!-- sample_test.Datepicker -->
